<?xml version="1.0" encoding="UTF-8"?>
<testsuite name="tests.WebQuizEngineTest" tests="1" skipped="0" failures="0" errors="0" timestamp="2020-02-05T12:19:03" hostname="XiaomiMi156" time="4.436">
  <properties/>
  <testcase name="start" classname="tests.WebQuizEngineTest" time="4.436"/>
  <system-out><![CDATA[?[1;31m
Start test 1?[0m

  .   ____          _            __ _ _
 /\\ / ___'_ __ _ _(_)_ __  __ _ \ \ \ \
( ( )\___ | '_ | '_| | '_ \/ _` | \ \ \ \
 \\/  ___)| |_)| | | | | || (_| |  ) ) ) )
  '  |____| .__|_| |_|_| |_\__, | / / / /
 =========|_|==============|___/=/_/_/_/
 :: Spring Boot ::        (v2.2.2.RELEASE)

2020-02-05 14:19:04.535  INFO 19516 --- [pool-1-thread-1] engine.WebQuizEngine                     : Starting WebQuizEngine on XiaomiMi156 with PID 19516 (started by Саша in D:\java\1111111111\Web Quiz Engine\Web Quiz Engine\task)
2020-02-05 14:19:04.539  INFO 19516 --- [pool-1-thread-1] engine.WebQuizEngine                     : No active profile set, falling back to default profiles: default
2020-02-05 14:19:06.472  INFO 19516 --- [pool-1-thread-1] o.s.b.w.embedded.tomcat.TomcatWebServer  : Tomcat initialized with port(s): 8889 (http)
2020-02-05 14:19:06.490  INFO 19516 --- [pool-1-thread-1] o.apache.catalina.core.StandardService   : Starting service [Tomcat]
2020-02-05 14:19:06.491  INFO 19516 --- [pool-1-thread-1] org.apache.catalina.core.StandardEngine  : Starting Servlet engine: [Apache Tomcat/9.0.29]
2020-02-05 14:19:06.629  INFO 19516 --- [pool-1-thread-1] o.a.c.c.C.[Tomcat].[localhost].[/]       : Initializing Spring embedded WebApplicationContext
2020-02-05 14:19:06.630  INFO 19516 --- [pool-1-thread-1] o.s.web.context.ContextLoader            : Root WebApplicationContext: initialization completed in 2029 ms
2020-02-05 14:19:07.099  INFO 19516 --- [pool-1-thread-1] o.s.s.concurrent.ThreadPoolTaskExecutor  : Initializing ExecutorService 'applicationTaskExecutor'
2020-02-05 14:19:07.413  INFO 19516 --- [pool-1-thread-1] o.s.b.a.e.web.EndpointLinksResolver      : Exposing 14 endpoint(s) beneath base path '/actuator'
2020-02-05 14:19:07.501  INFO 19516 --- [pool-1-thread-1] o.s.b.w.embedded.tomcat.TomcatWebServer  : Tomcat started on port(s): 8889 (http) with context path ''
2020-02-05 14:19:07.507  INFO 19516 --- [pool-1-thread-1] engine.WebQuizEngine                     : Started WebQuizEngine in 3.418 seconds (JVM running for 4.333)
2020-02-05 14:19:08.088  INFO 19516 --- [nio-8889-exec-1] o.a.c.c.C.[Tomcat].[localhost].[/]       : Initializing Spring DispatcherServlet 'dispatcherServlet'
2020-02-05 14:19:08.088  INFO 19516 --- [nio-8889-exec-1] o.s.web.servlet.DispatcherServlet        : Initializing Servlet 'dispatcherServlet'
2020-02-05 14:19:08.098  INFO 19516 --- [nio-8889-exec-1] o.s.web.servlet.DispatcherServlet        : Completed initialization in 9 ms
?[1;31m
Start test 2?[0m
?[1;31m
Start test 3?[0m
]]></system-out>
  <system-err><![CDATA[]]></system-err>
</testsuite>
