<?xml version="1.0" encoding="UTF-8"?>
<testsuite name="tests.WebQuizEngineTest" tests="1" skipped="0" failures="1" errors="0" timestamp="2020-02-04T15:30:59" hostname="XiaomiMi156" time="5.857">
  <properties/>
  <testcase name="start" classname="tests.WebQuizEngineTest" time="5.857">
    <failure message="java.lang.AssertionError: Wrong answer in test #1&#10;&#10;GET /api/quiz should respond with status code 200, responded: 404&#10;&#10;Response body:&#10;&#10;{&quot;timestamp&quot;:&quot;2020-02-04T15:31:04.788+0000&quot;,&quot;status&quot;:404,&quot;error&quot;:&quot;Not Found&quot;,&quot;message&quot;:&quot;No message available&quot;,&quot;path&quot;:&quot;/api/quiz&quot;}&#10;&#10;Please find below the output of your program during this failed test.&#10;&#10;---&#10;&#10;&#10;  .   ____          _            __ _ _&#10; /\\ / ___'_ __ _ _(_)_ __  __ _ \ \ \ \&#10;( ( )\___ | '_ | '_| | '_ \/ _` | \ \ \ \&#10; \\/  ___)| |_)| | | | | || (_| |  ) ) ) )&#10;  '  |____| .__|_| |_|_| |_\__, | / / / /&#10; =========|_|==============|___/=/_/_/_/&#10; :: Spring Boot ::        (v2.2.2.RELEASE)&#10;&#10;2020-02-04 17:30:59.750  INFO 14372 --- [pool-1-thread-1] engine.WebQuizEngine                     : Starting WebQuizEngine on XiaomiMi156 with PID 14372 (started by Саша in D:\java\1111111111\Web Quiz Engine\Web Quiz Engine\task)&#10;2020-02-04 17:30:59.753  INFO 14372 --- [pool-1-thread-1] engine.WebQuizEngine                     : No active profile set, falling back to default profiles: default&#10;2020-02-04 17:31:02.439  INFO 14372 --- [pool-1-thread-1] o.s.b.w.embedded.tomcat.TomcatWebServer  : Tomcat initialized with port(s): 8889 (http)&#10;2020-02-04 17:31:02.452  INFO 14372 --- [pool-1-thread-1] o.apache.catalina.core.StandardService   : Starting service [Tomcat]&#10;2020-02-04 17:31:02.453  INFO 14372 --- [pool-1-thread-1] org.apache.catalina.core.StandardEngine  : Starting Servlet engine: [Apache Tomcat/9.0.29]&#10;2020-02-04 17:31:02.593  INFO 14372 --- [pool-1-thread-1] o.a.c.c.C.[Tomcat].[localhost].[/]       : Initializing Spring embedded WebApplicationContext&#10;2020-02-04 17:31:02.593  INFO 14372 --- [pool-1-thread-1] o.s.web.context.ContextLoader            : Root WebApplicationContext: initialization completed in 2787 ms&#10;2020-02-04 17:31:03.265  INFO 14372 --- [pool-1-thread-1] o.s.s.concurrent.ThreadPoolTaskExecutor  : Initializing ExecutorService 'applicationTaskExecutor'&#10;2020-02-04 17:31:03.527  INFO 14372 --- [pool-1-thread-1] o.s.b.a.e.web.EndpointLinksResolver      : Exposing 14 endpoint(s) beneath base path '/actuator'&#10;2020-02-04 17:31:03.627  INFO 14372 --- [pool-1-thread-1] o.s.b.w.embedded.tomcat.TomcatWebServer  : Tomcat started on port(s): 8889 (http) with context path ''&#10;2020-02-04 17:31:03.632  INFO 14372 --- [pool-1-thread-1] engine.WebQuizEngine                     : Started WebQuizEngine in 4.229 seconds (JVM running for 7.37)&#10;2020-02-04 17:31:04.733  INFO 14372 --- [nio-8889-exec-2] o.a.c.c.C.[Tomcat].[localhost].[/]       : Initializing Spring DispatcherServlet 'dispatcherServlet'&#10;2020-02-04 17:31:04.734  INFO 14372 --- [nio-8889-exec-2] o.s.web.servlet.DispatcherServlet        : Initializing Servlet 'dispatcherServlet'&#10;2020-02-04 17:31:04.741  INFO 14372 --- [nio-8889-exec-2] o.s.web.servlet.DispatcherServlet        : Completed initialization in 7 ms" type="java.lang.AssertionError">java.lang.AssertionError: Wrong answer in test #1

GET /api/quiz should respond with status code 200, responded: 404

Response body:

{&quot;timestamp&quot;:&quot;2020-02-04T15:31:04.788+0000&quot;,&quot;status&quot;:404,&quot;error&quot;:&quot;Not Found&quot;,&quot;message&quot;:&quot;No message available&quot;,&quot;path&quot;:&quot;/api/quiz&quot;}

Please find below the output of your program during this failed test.

---


  .   ____          _            __ _ _
 /\\ / ___'_ __ _ _(_)_ __  __ _ \ \ \ \
( ( )\___ | '_ | '_| | '_ \/ _` | \ \ \ \
 \\/  ___)| |_)| | | | | || (_| |  ) ) ) )
  '  |____| .__|_| |_|_| |_\__, | / / / /
 =========|_|==============|___/=/_/_/_/
 :: Spring Boot ::        (v2.2.2.RELEASE)

2020-02-04 17:30:59.750  INFO 14372 --- [pool-1-thread-1] engine.WebQuizEngine                     : Starting WebQuizEngine on XiaomiMi156 with PID 14372 (started by Саша in D:\java\1111111111\Web Quiz Engine\Web Quiz Engine\task)
2020-02-04 17:30:59.753  INFO 14372 --- [pool-1-thread-1] engine.WebQuizEngine                     : No active profile set, falling back to default profiles: default
2020-02-04 17:31:02.439  INFO 14372 --- [pool-1-thread-1] o.s.b.w.embedded.tomcat.TomcatWebServer  : Tomcat initialized with port(s): 8889 (http)
2020-02-04 17:31:02.452  INFO 14372 --- [pool-1-thread-1] o.apache.catalina.core.StandardService   : Starting service [Tomcat]
2020-02-04 17:31:02.453  INFO 14372 --- [pool-1-thread-1] org.apache.catalina.core.StandardEngine  : Starting Servlet engine: [Apache Tomcat/9.0.29]
2020-02-04 17:31:02.593  INFO 14372 --- [pool-1-thread-1] o.a.c.c.C.[Tomcat].[localhost].[/]       : Initializing Spring embedded WebApplicationContext
2020-02-04 17:31:02.593  INFO 14372 --- [pool-1-thread-1] o.s.web.context.ContextLoader            : Root WebApplicationContext: initialization completed in 2787 ms
2020-02-04 17:31:03.265  INFO 14372 --- [pool-1-thread-1] o.s.s.concurrent.ThreadPoolTaskExecutor  : Initializing ExecutorService 'applicationTaskExecutor'
2020-02-04 17:31:03.527  INFO 14372 --- [pool-1-thread-1] o.s.b.a.e.web.EndpointLinksResolver      : Exposing 14 endpoint(s) beneath base path '/actuator'
2020-02-04 17:31:03.627  INFO 14372 --- [pool-1-thread-1] o.s.b.w.embedded.tomcat.TomcatWebServer  : Tomcat started on port(s): 8889 (http) with context path ''
2020-02-04 17:31:03.632  INFO 14372 --- [pool-1-thread-1] engine.WebQuizEngine                     : Started WebQuizEngine in 4.229 seconds (JVM running for 7.37)
2020-02-04 17:31:04.733  INFO 14372 --- [nio-8889-exec-2] o.a.c.c.C.[Tomcat].[localhost].[/]       : Initializing Spring DispatcherServlet 'dispatcherServlet'
2020-02-04 17:31:04.734  INFO 14372 --- [nio-8889-exec-2] o.s.web.servlet.DispatcherServlet        : Initializing Servlet 'dispatcherServlet'
2020-02-04 17:31:04.741  INFO 14372 --- [nio-8889-exec-2] o.s.web.servlet.DispatcherServlet        : Completed initialization in 7 ms
	at org.junit.Assert.fail(Assert.java:88)
	at org.hyperskill.hstest.v6.stage.BaseStageTest.start(BaseStageTest.java:172)
	at java.base/jdk.internal.reflect.NativeMethodAccessorImpl.invoke0(Native Method)
	at java.base/jdk.internal.reflect.NativeMethodAccessorImpl.invoke(NativeMethodAccessorImpl.java:62)
	at java.base/jdk.internal.reflect.DelegatingMethodAccessorImpl.invoke(DelegatingMethodAccessorImpl.java:43)
	at java.base/java.lang.reflect.Method.invoke(Method.java:566)
	at org.junit.runners.model.FrameworkMethod$1.runReflectiveCall(FrameworkMethod.java:50)
	at org.junit.internal.runners.model.ReflectiveCallable.run(ReflectiveCallable.java:12)
	at org.junit.runners.model.FrameworkMethod.invokeExplosively(FrameworkMethod.java:47)
	at org.junit.internal.runners.statements.InvokeMethod.evaluate(InvokeMethod.java:17)
	at org.junit.internal.runners.statements.RunAfters.evaluate(RunAfters.java:27)
	at org.junit.runners.ParentRunner.runLeaf(ParentRunner.java:325)
	at org.junit.runners.BlockJUnit4ClassRunner.runChild(BlockJUnit4ClassRunner.java:78)
	at org.junit.runners.BlockJUnit4ClassRunner.runChild(BlockJUnit4ClassRunner.java:57)
	at org.junit.runners.ParentRunner$3.run(ParentRunner.java:290)
	at org.junit.runners.ParentRunner$1.schedule(ParentRunner.java:71)
	at org.junit.runners.ParentRunner.runChildren(ParentRunner.java:288)
	at org.junit.runners.ParentRunner.access$000(ParentRunner.java:58)
	at org.junit.runners.ParentRunner$2.evaluate(ParentRunner.java:268)
	at org.junit.internal.runners.statements.RunBefores.evaluate(RunBefores.java:26)
	at org.junit.runners.ParentRunner.run(ParentRunner.java:363)
	at org.gradle.api.internal.tasks.testing.junit.JUnitTestClassExecutor.runTestClass(JUnitTestClassExecutor.java:110)
	at org.gradle.api.internal.tasks.testing.junit.JUnitTestClassExecutor.execute(JUnitTestClassExecutor.java:58)
	at org.gradle.api.internal.tasks.testing.junit.JUnitTestClassExecutor.execute(JUnitTestClassExecutor.java:38)
	at org.gradle.api.internal.tasks.testing.junit.AbstractJUnitTestClassProcessor.processTestClass(AbstractJUnitTestClassProcessor.java:62)
	at org.gradle.api.internal.tasks.testing.SuiteTestClassProcessor.processTestClass(SuiteTestClassProcessor.java:51)
	at java.base/jdk.internal.reflect.NativeMethodAccessorImpl.invoke0(Native Method)
	at java.base/jdk.internal.reflect.NativeMethodAccessorImpl.invoke(NativeMethodAccessorImpl.java:62)
	at java.base/jdk.internal.reflect.DelegatingMethodAccessorImpl.invoke(DelegatingMethodAccessorImpl.java:43)
	at java.base/java.lang.reflect.Method.invoke(Method.java:566)
	at org.gradle.internal.dispatch.ReflectionDispatch.dispatch(ReflectionDispatch.java:35)
	at org.gradle.internal.dispatch.ReflectionDispatch.dispatch(ReflectionDispatch.java:24)
	at org.gradle.internal.dispatch.ContextClassLoaderDispatch.dispatch(ContextClassLoaderDispatch.java:32)
	at org.gradle.internal.dispatch.ProxyDispatchAdapter$DispatchingInvocationHandler.invoke(ProxyDispatchAdapter.java:93)
	at com.sun.proxy.$Proxy2.processTestClass(Unknown Source)
	at org.gradle.api.internal.tasks.testing.worker.TestWorker.processTestClass(TestWorker.java:118)
	at java.base/jdk.internal.reflect.NativeMethodAccessorImpl.invoke0(Native Method)
	at java.base/jdk.internal.reflect.NativeMethodAccessorImpl.invoke(NativeMethodAccessorImpl.java:62)
	at java.base/jdk.internal.reflect.DelegatingMethodAccessorImpl.invoke(DelegatingMethodAccessorImpl.java:43)
	at java.base/java.lang.reflect.Method.invoke(Method.java:566)
	at org.gradle.internal.dispatch.ReflectionDispatch.dispatch(ReflectionDispatch.java:35)
	at org.gradle.internal.dispatch.ReflectionDispatch.dispatch(ReflectionDispatch.java:24)
	at org.gradle.internal.remote.internal.hub.MessageHubBackedObjectConnection$DispatchWrapper.dispatch(MessageHubBackedObjectConnection.java:175)
	at org.gradle.internal.remote.internal.hub.MessageHubBackedObjectConnection$DispatchWrapper.dispatch(MessageHubBackedObjectConnection.java:157)
	at org.gradle.internal.remote.internal.hub.MessageHub$Handler.run(MessageHub.java:404)
	at org.gradle.internal.concurrent.ExecutorPolicy$CatchAndRecordFailures.onExecute(ExecutorPolicy.java:63)
	at org.gradle.internal.concurrent.ManagedExecutorImpl$1.run(ManagedExecutorImpl.java:46)
	at java.base/java.util.concurrent.ThreadPoolExecutor.runWorker(ThreadPoolExecutor.java:1128)
	at java.base/java.util.concurrent.ThreadPoolExecutor$Worker.run(ThreadPoolExecutor.java:628)
	at org.gradle.internal.concurrent.ThreadFactoryImpl$ManagedThreadRunnable.run(ThreadFactoryImpl.java:55)
	at java.base/java.lang.Thread.run(Thread.java:834)
</failure>
  </testcase>
  <system-out><![CDATA[?[1;31m
Start test 1?[0m

  .   ____          _            __ _ _
 /\\ / ___'_ __ _ _(_)_ __  __ _ \ \ \ \
( ( )\___ | '_ | '_| | '_ \/ _` | \ \ \ \
 \\/  ___)| |_)| | | | | || (_| |  ) ) ) )
  '  |____| .__|_| |_|_| |_\__, | / / / /
 =========|_|==============|___/=/_/_/_/
 :: Spring Boot ::        (v2.2.2.RELEASE)

2020-02-04 17:30:59.750  INFO 14372 --- [pool-1-thread-1] engine.WebQuizEngine                     : Starting WebQuizEngine on XiaomiMi156 with PID 14372 (started by Саша in D:\java\1111111111\Web Quiz Engine\Web Quiz Engine\task)
2020-02-04 17:30:59.753  INFO 14372 --- [pool-1-thread-1] engine.WebQuizEngine                     : No active profile set, falling back to default profiles: default
2020-02-04 17:31:02.439  INFO 14372 --- [pool-1-thread-1] o.s.b.w.embedded.tomcat.TomcatWebServer  : Tomcat initialized with port(s): 8889 (http)
2020-02-04 17:31:02.452  INFO 14372 --- [pool-1-thread-1] o.apache.catalina.core.StandardService   : Starting service [Tomcat]
2020-02-04 17:31:02.453  INFO 14372 --- [pool-1-thread-1] org.apache.catalina.core.StandardEngine  : Starting Servlet engine: [Apache Tomcat/9.0.29]
2020-02-04 17:31:02.593  INFO 14372 --- [pool-1-thread-1] o.a.c.c.C.[Tomcat].[localhost].[/]       : Initializing Spring embedded WebApplicationContext
2020-02-04 17:31:02.593  INFO 14372 --- [pool-1-thread-1] o.s.web.context.ContextLoader            : Root WebApplicationContext: initialization completed in 2787 ms
2020-02-04 17:31:03.265  INFO 14372 --- [pool-1-thread-1] o.s.s.concurrent.ThreadPoolTaskExecutor  : Initializing ExecutorService 'applicationTaskExecutor'
2020-02-04 17:31:03.527  INFO 14372 --- [pool-1-thread-1] o.s.b.a.e.web.EndpointLinksResolver      : Exposing 14 endpoint(s) beneath base path '/actuator'
2020-02-04 17:31:03.627  INFO 14372 --- [pool-1-thread-1] o.s.b.w.embedded.tomcat.TomcatWebServer  : Tomcat started on port(s): 8889 (http) with context path ''
2020-02-04 17:31:03.632  INFO 14372 --- [pool-1-thread-1] engine.WebQuizEngine                     : Started WebQuizEngine in 4.229 seconds (JVM running for 7.37)
2020-02-04 17:31:04.733  INFO 14372 --- [nio-8889-exec-2] o.a.c.c.C.[Tomcat].[localhost].[/]       : Initializing Spring DispatcherServlet 'dispatcherServlet'
2020-02-04 17:31:04.734  INFO 14372 --- [nio-8889-exec-2] o.s.web.servlet.DispatcherServlet        : Initializing Servlet 'dispatcherServlet'
2020-02-04 17:31:04.741  INFO 14372 --- [nio-8889-exec-2] o.s.web.servlet.DispatcherServlet        : Completed initialization in 7 ms
]]></system-out>
  <system-err><![CDATA[]]></system-err>
</testsuite>
